=========================== short test summary info ============================
FAILED test_plates.py::test_valid - AssertionError: assert False == True
========================= 1 failed, 3 passed in 0.01s ==========================